<?xml version="1.0" encoding="UTF-8"?>
<testsuite xmlns:xsi="http://www.w3.org/2001/XMLSchema-instance" xsi:noNamespaceSchemaLocation="https://maven.apache.org/surefire/maven-surefire-plugin/xsd/surefire-test-report.xsd" version="3.0.2" name="codeurjc.ssdd.grupo1.trainfyre.TrainFyreApplicationTests" time="4.233" tests="1" errors="0" skipped="0" failures="0">
  <properties>
[...]
</properties>
  <testcase name="contextLoads" classname="codeurjc.ssdd.grupo1.trainfyre.TrainFyreApplicationTests" time="0.488">
    <system-out><![CDATA[22:52:06.338 [main] INFO org.springframework.test.context.support.AnnotationConfigContextLoaderUtils -- Could not detect default configuration classes for test class [codeurjc.ssdd.grupo1.trainfyre.TrainFyreApplicationTests]: TrainFyreApplicationTests does not declare any static, non-private, non-final, nested classes annotated with @Configuration.
22:52:06.494 [main] INFO org.springframework.boot.test.context.SpringBootTestContextBootstrapper -- Found @SpringBootConfiguration codeurjc.ssdd.grupo1.trainfyre.TrainFyreApplication for test class codeurjc.ssdd.grupo1.trainfyre.TrainFyreApplicationTests
22:52:06.853 [main] INFO org.springframework.boot.devtools.restart.RestartApplicationListener -- Restart disabled due to context in which it is running

  .   ____          _            __ _ _
 /\\ / ___'_ __ _ _(_)_ __  __ _ \ \ \ \
( ( )\___ | '_ | '_| | '_ \/ _` | \ \ \ \
 \\/  ___)| |_)| | | | | || (_| |  ) ) ) )
  '  |____| .__|_| |_|_| |_\__, | / / / /
 =========|_|==============|___/=/_/_/_/

 :: Spring Boot ::                (v4.0.2)

2026-03-17T22:52:08.077+01:00  INFO 18280 --- [TrainFyre] [           main] c.s.g.t.TrainFyreApplicationTests        : Starting TrainFyreApplicationTests using Java 25 with PID 18280 (started by escip in C:\Trabajos\2026\Distribuidos\Practica1\Backend)
2026-03-17T22:52:08.079+01:00  INFO 18280 --- [TrainFyre] [           main] c.s.g.t.TrainFyreApplicationTests        : No active profile set, falling back to 1 default profile: "default"
2026-03-17T22:52:08.551+01:00  INFO 18280 --- [TrainFyre] [           main] o.s.cloud.context.scope.GenericScope     : BeanFactory id=f38b2941-95a5-39b6-be9b-a3ebe256cddc
2026-03-17T22:52:09.908+01:00  INFO 18280 --- [TrainFyre] [           main] o.s.cloud.commons.util.InetUtils         : Cannot determine local hostname
2026-03-17T22:52:09.936+01:00  INFO 18280 --- [TrainFyre] [           main] c.s.g.t.TrainFyreApplicationTests        : Started TrainFyreApplicationTests in 3.093 seconds (process running for 4.278)
]]></system-out>
    <system-err><![CDATA[Mockito is currently self-attaching to enable the inline-mock-maker. This will no longer work in future releases of the JDK. Please add Mockito as an agent to your build as described in Mockito's documentation: https://javadoc.io/doc/org.mockito/mockito-core/latest/org.mockito/org/mockito/Mockito.html#0.3
WARNING: A Java agent has been loaded dynamically (C:\Users\escip\.m2\repository\net\bytebuddy\byte-buddy-agent\1.17.8\byte-buddy-agent-1.17.8.jar)
WARNING: If a serviceability tool is in use, please run with -XX:+EnableDynamicAgentLoading to hide this warning
WARNING: If a serviceability tool is not in use, please run with -Djdk.instrument.traceUsage for more information
WARNING: Dynamic loading of agents will be disallowed by default in a future release
]]></system-err>
  </testcase>
</testsuite>